<?xml version="1.0" encoding="UTF-8"?>
<!-- Generated by org.testng.reporters.JUnitReportReporter -->
<testsuite hostname="RahulMahajan.local" failures="0" tests="4" name="org.SampleTest" time="3.288" errors="0" timestamp="2022-11-02T05:39:55 IST" skipped="0">
  <testcase classname="org.SampleTest" name="verifyAddPlaceAPI" time="2.237"/>
  <system-out>
    <![CDATA[Test Case started verifyAddPlaceAPI
All Steps of Test are completed
Test Case Ended verifyAddPlaceAPI]]>
  </system-out>
  <testcase classname="org.SampleTest" name="verifyDeletePlaceAPI" time="0.270"/>
  <system-out>
    <![CDATA[Test Case started verifyDeletePlaceAPI
All Steps of Test are completed
Test Case Ended verifyDeletePlaceAPI]]>
  </system-out>
  <testcase classname="org.SampleTest" name="verifyUpdatePlaceAPI" time="0.248"/>
  <system-out>
    <![CDATA[Test Case started verifyUpdatePlaceAPI
All Steps of Test are completed
Test Case Ended verifyUpdatePlaceAPI]]>
  </system-out>
  <testcase classname="org.SampleTest" name="verifyGetPlaceAPI" time="0.533"/>
  <system-out>
    <![CDATA[Test Case started verifyGetPlaceAPI
All Steps of Test are completed
Test Case Ended verifyGetPlaceAPI]]>
  </system-out>
</testsuite> <!-- org.SampleTest -->
